2025-08-26 21:51:39,894 - WalletSender - INFO - [FORCE] Используется один фиксированный BscScan ключ (ротация отключена)
2025-08-26 21:51:39,955 - qdarkstyle - INFO - QSS file successfully loaded.
2025-08-26 21:51:39,955 - qdarkstyle - INFO - Found version patches to be applied.
2025-08-26 21:51:39,956 - qdarkstyle - INFO - Found application patches to be applied.
2025-08-26 21:51:41,517 - WalletSender - INFO - Загружено 0 наград из базы данных
2025-08-26 21:51:41,549 - WalletSender - WARNING - Путь к компонентам ДС не найден: C:\Users\konfu\Desktop\Sites\Experiment\Experiment1\WalletSender_MCP  копия\СТАРТ\ds_components
2025-08-26 21:51:41,659 - WalletSender - INFO - Приложение запущено
2025-08-26 21:51:42,622 - WalletSender - INFO - Загружено 0 отправителей
2025-08-26 21:52:19,553 - WalletSender - INFO - Seed сохранён, адрес: 0xF523...0D04
2025-08-26 21:54:23,321 - WalletSender - INFO - Импортировано 78 адресов в таблицу
2025-08-26 21:54:23,322 - WalletSender - INFO - Импортировано 78 адресов из буфера обмена
2025-08-26 21:55:20,242 - WalletSender - INFO - Создана массовая рассылка #1: Рассылка 2025-08-26 21:55
2025-08-26 21:55:20,245 - WalletSender - INFO - 🔄 Начат рабочий поток массовой рассылки
2025-08-26 21:55:20,245 - WalletSender - INFO - Запущена массовая рассылка: PLEX ONE, 1.05 x 9 циклов
2025-08-26 21:55:20,247 - WalletSender - INFO - Цикл 1/9
2025-08-26 21:55:22,430 - WalletSender - INFO - Отправлено 1.05 PLEX ONE на 0x1a1b4091E2f401b7ae0968C184b10E00E454E7a9, цикл 1
2025-08-26 21:55:28,465 - WalletSender - INFO - Отправлено 1.05 PLEX ONE на 0x0b9E897d69ab62F35300467Dc252BEe3eFc50703, цикл 1
2025-08-26 21:55:34,515 - WalletSender - INFO - Отправлено 1.05 PLEX ONE на 0xBF9e7C2F5327b4B6F14f1038B6d2843Bbb5e625b, цикл 1
2025-08-26 21:55:40,573 - WalletSender - INFO - Отправлено 1.05 PLEX ONE на 0x8bE500090bd3C6cf0501a9986658a11045F9AA0D, цикл 1
2025-08-26 21:55:47,328 - WalletSender - INFO - Отправлено 1.05 PLEX ONE на 0x1A9c346754390d0C8D48e538d30156792829716E, цикл 1
2025-08-26 21:55:53,234 - WalletSender - INFO - Отправлено 1.05 PLEX ONE на 0x9EfBbDFBafDD8c7cdD24BEC3Aae9aEB648D4f53C, цикл 1
2025-08-26 21:55:59,395 - WalletSender - INFO - Отправлено 1.05 PLEX ONE на 0x2a7fDBf07A38fcf1C9b11E579a65C24b16068b0e, цикл 1
2025-08-26 21:56:05,285 - WalletSender - INFO - Отправлено 1.05 PLEX ONE на 0x9EDEecdE0CAa92354cC4B12653DCA74a74CA73d4, цикл 1
2025-08-26 21:56:11,044 - WalletSender - INFO - Массовая рассылка остановлена пользователем
2025-08-26 21:56:11,319 - WalletSender - INFO - Отправлено 1.05 PLEX ONE на 0x36186aF87d418FBDC6C165d0A1baf6bA7b548153, цикл 1
2025-08-26 21:56:11,320 - WalletSender - INFO - ⏹️ Массовая рассылка остановлена на цикле 2
2025-08-26 21:56:11,334 - WalletSender - INFO - Статус рассылки #1 обновлен на cancelled
2025-08-26 21:56:11,334 - WalletSender - INFO - ✅ Массовая рассылка завершена. Отправлено: 9, ошибок: 0
2025-08-26 21:56:11,334 - WalletSender - INFO - 🔧 Восстанавливаем UI после массовой рассылки
2025-08-26 21:56:11,336 - WalletSender - INFO - ✅ UI восстановление инициировано
2025-08-26 21:56:21,043 - WalletSender - INFO - Создана массовая рассылка #2: Рассылка 2025-08-26 21:56
2025-08-26 21:56:21,045 - WalletSender - INFO - 🔄 Начат рабочий поток массовой рассылки
2025-08-26 21:56:21,045 - WalletSender - INFO - Запущена массовая рассылка: USDT, 1.05 x 9 циклов
2025-08-26 21:56:21,049 - WalletSender - INFO - Цикл 1/9
2025-08-26 21:56:23,272 - WalletSender - INFO - Отправлено 1.05 USDT на 0x1a1b4091E2f401b7ae0968C184b10E00E454E7a9, цикл 1
2025-08-26 21:56:29,184 - WalletSender - INFO - Отправлено 1.05 USDT на 0x0b9E897d69ab62F35300467Dc252BEe3eFc50703, цикл 1
2025-08-26 21:56:35,197 - WalletSender - INFO - Отправлено 1.05 USDT на 0xBF9e7C2F5327b4B6F14f1038B6d2843Bbb5e625b, цикл 1
2025-08-26 21:56:41,269 - WalletSender - INFO - Отправлено 1.05 USDT на 0x8bE500090bd3C6cf0501a9986658a11045F9AA0D, цикл 1
2025-08-26 21:56:47,314 - WalletSender - INFO - Отправлено 1.05 USDT на 0x1A9c346754390d0C8D48e538d30156792829716E, цикл 1
2025-08-26 21:56:53,995 - WalletSender - INFO - Отправлено 1.05 USDT на 0x9EfBbDFBafDD8c7cdD24BEC3Aae9aEB648D4f53C, цикл 1
2025-08-26 21:57:00,026 - WalletSender - INFO - Отправлено 1.05 USDT на 0x2a7fDBf07A38fcf1C9b11E579a65C24b16068b0e, цикл 1
2025-08-26 21:57:06,103 - WalletSender - INFO - Отправлено 1.05 USDT на 0x9EDEecdE0CAa92354cC4B12653DCA74a74CA73d4, цикл 1
2025-08-26 21:57:12,831 - WalletSender - INFO - Отправлено 1.05 USDT на 0x36186aF87d418FBDC6C165d0A1baf6bA7b548153, цикл 1
2025-08-26 21:57:18,844 - WalletSender - INFO - Отправлено 1.05 USDT на 0x4290300fc342B5Ed022c1FB1146A6C9267893855, цикл 1
2025-08-26 21:57:26,373 - WalletSender - INFO - Отправлено 1.05 USDT на 0xb80fB15b754F08849d93Ebe591eD20dd1fe8297d, цикл 1
2025-08-26 21:57:33,056 - WalletSender - INFO - Отправлено 1.05 USDT на 0xe6A6d1C3D0F374bc6Ba27512e508bC25769a65FC, цикл 1
2025-08-26 21:57:39,776 - WalletSender - INFO - Отправлено 1.05 USDT на 0xADfb629aB09d8bB741F3b34427b8dB0c0A17528e, цикл 1
2025-08-26 21:57:45,838 - WalletSender - INFO - Отправлено 1.05 USDT на 0x2Ff7135b97479B116696Db55EFC1050F0c071fcb, цикл 1
2025-08-26 21:57:51,850 - WalletSender - INFO - Отправлено 1.05 USDT на 0xDeaf53C6633d02f8c8Cc153a449AEa7252Fd746D, цикл 1
2025-08-26 21:57:58,557 - WalletSender - INFO - Отправлено 1.05 USDT на 0x7b2A78FB8CED00390c0206Ad2429D59610f52222, цикл 1
2025-08-26 21:58:04,583 - WalletSender - INFO - Отправлено 1.05 USDT на 0xDE302Db1603F1554560C66FD0421b469e8027401, цикл 1
2025-08-26 21:58:10,641 - WalletSender - INFO - Отправлено 1.05 USDT на 0x8fDc65c61AAfc82AbBBC379Fc6772d4B00E3D25d, цикл 1
2025-08-26 21:58:16,517 - WalletSender - INFO - Отправлено 1.05 USDT на 0x139B5cb56219F191d348Bb1546a448686e60fc34, цикл 1
2025-08-26 21:58:22,572 - WalletSender - INFO - Отправлено 1.05 USDT на 0x46d1D071Fb842E28084BfE714109D18D5D5Dd953, цикл 1
2025-08-26 21:58:28,519 - WalletSender - INFO - Отправлено 1.05 USDT на 0xB7dFfA7EEc8892947Bf7c4f6B38a12fAe8cB1ECF, цикл 1
2025-08-26 21:58:35,357 - WalletSender - INFO - Отправлено 1.05 USDT на 0xA21e259E5b7CB720147700964712A69551017cdF, цикл 1
